Build started 2015/12/10 18:18:57.
     1>Project "E:\workspace\trunk\v39_97_2\src\build\GCoder_unittest\GCoder_unittest.vcxproj" on node 2 (Build target(s)).
     1>Link:
         F:\Program Files (x86)\Microsoft Visual Studio 12.0\VC\bin\link.exe /ERRORREPORT:PROMPT /OUT:"E:\workspace\trunk\v39_97_2\src\build\Debug\GCoder_unittest.exe" /INCREMENTAL /NOLOGO kernel32.lib user32.lib gdi32.lib winspool.lib comdlg32.lib advapi32.lib shell32.lib ole32.lib oleaut32.lib uuid.lib odbc32.lib odbccp32.lib /MANIFEST /MANIFESTUAC:"level='asInvoker' uiAccess='false'" /manifest:embed /DEBUG /PDB:"E:\workspace\trunk\v39_97_2\src\build\Debug\GCoder_unittest.pdb" /TLBID:1 /DYNAMICBASE /NXCOMPAT /IMPLIB:"E:\workspace\trunk\v39_97_2\src\build\Debug\GCoder_unittest.lib" /MACHINE:X86 Debug\CoderTester.obj
     1>CoderTester.obj : error LNK2019: unresolved external symbol "bool __cdecl testing::internal::IsTrue(bool)" (?IsTrue@internal@testing@@YA_N_N@Z) referenced in function "public: void __thiscall testing::internal::scoped_ptr<class std::basic_string<char,struct std::char_traits<char>,class std::allocator<char> > >::reset(class std::basic_string<char,struct std::char_traits<char>,class std::allocator<char> > *)" (?reset@?$scoped_ptr@V?$basic_string@DU?$char_traits@D@std@@V?$allocator@D@2@@std@@@internal@testing@@QAEXPAV?$basic_string@DU?$char_traits@D@std@@V?$allocator@D@2@@std@@@Z)
     1>CoderTester.obj : error LNK2019: unresolved external symbol "public: __thiscall testing::Message::Message(void)" (??0Message@testing@@QAE@XZ) referenced in function "private: virtual void __thiscall FileParserTester_BasicTest_Test::TestBody(void)" (?TestBody@FileParserTester_BasicTest_Test@@EAEXXZ)
     1>CoderTester.obj : error LNK2019: unresolved external symbol "class testing::AssertionResult __cdecl testing::internal::EqFailure(char const *,char const *,class std::basic_string<char,struct std::char_traits<char>,class std::allocator<char> > const &,class std::basic_string<char,struct std::char_traits<char>,class std::allocator<char> > const &,bool)" (?EqFailure@internal@testing@@YA?AVAssertionResult@2@PBD0ABV?$basic_string@DU?$char_traits@D@std@@V?$allocator@D@2@@std@@1_N@Z) referenced in function "class testing::AssertionResult __cdecl testing::internal::CmpHelperEQ<bool,bool>(char const *,char const *,bool const &,bool const &)" (??$CmpHelperEQ@_N_N@internal@testing@@YA?AVAssertionResult@1@PBD0AB_N1@Z)
     1>CoderTester.obj : error LNK2019: unresolved external symbol "class testing::TestInfo * __cdecl testing::internal::MakeAndRegisterTestInfo(char const *,char const *,char const *,char const *,void const *,void (__cdecl*)(void),void (__cdecl*)(void),class testing::internal::TestFactoryBase *)" (?MakeAndRegisterTestInfo@internal@testing@@YAPAVTestInfo@2@PBD000PBXP6AXXZ2PAVTestFactoryBase@12@@Z) referenced in function "void __cdecl `dynamic initializer for 'private: static class testing::TestInfo * FileParserTester_BasicTest_Test::test_info_''(void)" (??__E?test_info_@FileParserTester_BasicTest_Test@@0QAVTestInfo@testing@@A@@YAXXZ)
     1>CoderTester.obj : error LNK2019: unresolved external symbol "class testing::AssertionResult __cdecl testing::AssertionSuccess(void)" (?AssertionSuccess@testing@@YA?AVAssertionResult@1@XZ) referenced in function "class testing::AssertionResult __cdecl testing::internal::CmpHelperEQ<bool,bool>(char const *,char const *,bool const &,bool const &)" (??$CmpHelperEQ@_N_N@internal@testing@@YA?AVAssertionResult@1@PBD0AB_N1@Z)
     1>CoderTester.obj : error LNK2019: unresolved external symbol "public: virtual __thiscall testing::Test::~Test(void)" (??1Test@testing@@UAE@XZ) referenced in function "public: virtual __thiscall FileParserTester::~FileParserTester(void)" (??1FileParserTester@@UAE@XZ)
     1>CoderTester.obj : error LNK2019: unresolved external symbol "protected: __thiscall testing::Test::Test(void)" (??0Test@testing@@IAE@XZ) referenced in function "public: __thiscall FileParserTester::FileParserTester(void)" (??0FileParserTester@@QAE@XZ)
     1>CoderTester.obj : error LNK2001: unresolved external symbol "protected: virtual void __thiscall testing::Test::SetUp(void)" (?SetUp@Test@testing@@MAEXXZ)
     1>CoderTester.obj : error LNK2001: unresolved external symbol "protected: virtual void __thiscall testing::Test::TearDown(void)" (?TearDown@Test@testing@@MAEXXZ)
     1>CoderTester.obj : error LNK2019: unresolved external symbol "public: static class testing::UnitTest * __cdecl testing::UnitTest::GetInstance(void)" (?GetInstance@UnitTest@testing@@SAPAV12@XZ) referenced in function "int __cdecl RUN_ALL_TESTS(void)" (?RUN_ALL_TESTS@@YAHXZ)
     1>CoderTester.obj : error LNK2019: unresolved external symbol "public: int __thiscall testing::UnitTest::Run(void)" (?Run@UnitTest@testing@@QAEHXZ) referenced in function "int __cdecl RUN_ALL_TESTS(void)" (?RUN_ALL_TESTS@@YAHXZ)
     1>CoderTester.obj : error LNK2019: unresolved external symbol "public: __thiscall testing::internal::AssertHelper::AssertHelper(enum testing::TestPartResult::Type,char const *,int,char const *)" (??0AssertHelper@internal@testing@@QAE@W4Type@TestPartResult@2@PBDH1@Z) referenced in function "private: virtual void __thiscall FileParserTester_BasicTest_Test::TestBody(void)" (?TestBody@FileParserTester_BasicTest_Test@@EAEXXZ)
     1>CoderTester.obj : error LNK2019: unresolved external symbol "public: __thiscall testing::internal::AssertHelper::~AssertHelper(void)" (??1AssertHelper@internal@testing@@QAE@XZ) referenced in function "private: virtual void __thiscall FileParserTester_BasicTest_Test::TestBody(void)" (?TestBody@FileParserTester_BasicTest_Test@@EAEXXZ)
     1>CoderTester.obj : error LNK2019: unresolved external symbol "public: void __thiscall testing::internal::AssertHelper::operator=(class testing::Message const &)const " (??4AssertHelper@internal@testing@@QBEXABVMessage@2@@Z) referenced in function "private: virtual void __thiscall FileParserTester_BasicTest_Test::TestBody(void)" (?TestBody@FileParserTester_BasicTest_Test@@EAEXXZ)
     1>CoderTester.obj : error LNK2019: unresolved external symbol "public: __thiscall Coder::FileParser::FileParser(class std::basic_string<wchar_t,struct std::char_traits<wchar_t>,class std::allocator<wchar_t> > const &)" (??0FileParser@Coder@@QAE@ABV?$basic_string@_WU?$char_traits@_W@std@@V?$allocator@_W@2@@std@@@Z) referenced in function "private: virtual void __thiscall FileParserTester_BasicTest_Test::TestBody(void)" (?TestBody@FileParserTester_BasicTest_Test@@EAEXXZ)
     1>CoderTester.obj : error LNK2019: unresolved external symbol "public: bool __thiscall Coder::FileParser::Parse(void)" (?Parse@FileParser@Coder@@QAE_NXZ) referenced in function "private: virtual void __thiscall FileParserTester_BasicTest_Test::TestBody(void)" (?TestBody@FileParserTester_BasicTest_Test@@EAEXXZ)
     1>E:\workspace\trunk\v39_97_2\src\build\Debug\GCoder_unittest.exe : fatal error LNK1120: 16 unresolved externals
     1>Done Building Project "E:\workspace\trunk\v39_97_2\src\build\GCoder_unittest\GCoder_unittest.vcxproj" (Build target(s)) -- FAILED.

Build FAILED.

Time Elapsed 00:00:00.47
